 ===========================
  Output from program Dusty 
  Version: 2.0
 ===========================
  
  INPUT parameters from file:
  1000K.inp                                                             
  
* ----------------------------------------------------------------------
* NOTES:
* This is a complicated version of an input file, though without any user
* supplied files.
* ----------------------------------------------------------------------
  Central source spectrum described by a black body                       
  with temperature: 8000 K
  --------------------------------------------
  Abundances for supported grains:
  Sil-Ow Sil-Oc Sil-DL grf-DL amC-Hn SiC-Pg
  0.000  0.000  0.000  0.000  0.000  0.000
  Optical properties from file:
  wd01.dat                                                              
  --------------------------------------------
  Dust temperature on the inner boundary: 1000 K
  --------------------------------------------
  Density described by 1/r**k with k =  2.0
  Relative thickness: 1.000E+03
  --------------------------------------------
  Optical depths at 1.0E+01 microns
  ranging from 1.00E+00 to 1.00E+01
   10 models with linear grid                
  Required accuracy: 5%
  --------------------------------------------
  Images requested for these wavelengths (mic)
  0.55  4.0  50  1000
  --------------------------------------------
  
  ====================================================  
  For compliance with the point-source assumption, the
  following results should only be applied to sources 
  whose effective temperature exceeds 2000 K.
  ====================================================
          
  RESULTS:
  --------
 ###   tau0   F1(W/m2)  r1(cm)    r1/rc   theta1  Td(Y) err
 ###     1        2        3        4        5      6    7 
 ==========================================================
   1 1.00E+00 4.11E+03 8.62E+14 2.38E+02 6.43E+00   47   0 
   2 2.00E+00 2.14E+03 1.20E+15 3.30E+02 8.92E+00   42   0 
   3 3.00E+00 1.42E+03 1.47E+15 4.04E+02 1.09E+01   39   0 
   4 4.00E+00 1.06E+03 1.70E+15 4.69E+02 1.27E+01   37   1 
   5 5.00E+00 8.37E+02 1.91E+15 5.27E+02 1.43E+01   36   1 
   6 6.00E+00 6.86E+02 2.11E+15 5.82E+02 1.58E+01   35   1 
   7 7.00E+00 5.80E+02 2.30E+15 6.33E+02 1.71E+01   34   2 
   8 8.00E+00 4.97E+02 2.48E+15 6.84E+02 1.85E+01   33   2 
   9 9.00E+00 4.40E+02 2.63E+15 7.26E+02 1.97E+01   32   2 
  10 1.00E+01 3.99E+02 2.77E+15 7.63E+02 2.07E+01   32   2 
 ==========================================================
   (1) Optical depth at 1.0E+01 microns
   (2) Bolometric flux at the inner radius 
   (3) Inner radius for L=1E4 Lsun
   (4) Ratio of the inner to the stellar radius
   (5) Angular size (in arcsec) when Fbol=1E-6 W/m2
   (6) Dust temperature at the outer edge (in K)
   (7) Maximum error in flux conservation (%)
 =================================================
  Everything is OK for all models
  Table with spectral properties is in file *.spp
  All spectra are in file *.stb
  All imaging quantities are in file *.itb
  All radial profiles are in file *.rtb
  All run-time messages are in file *.mtb
 ========== THE END ==============================
