 ===========================
  Output from program Dusty 
  Version: 2.0
 ===========================
  
  INPUT parameters from file:
  500K.inp                                                              
  
* ----------------------------------------------------------------------
* NOTES:
* This is a complicated version of an input file, though without any user
* supplied files.
* ----------------------------------------------------------------------
  Central source spectrum described by a black body                       
  with temperature: 8000 K
  --------------------------------------------
  Abundances for supported grains:
  Sil-Ow Sil-Oc Sil-DL grf-DL amC-Hn SiC-Pg
  0.000  0.000  0.000  0.000  0.000  0.000
  Optical properties from file:
  wd01.dat                                                              
  --------------------------------------------
  Dust temperature on the inner boundary: 500  K
  --------------------------------------------
  Density described by 1/r**k with k =  2.0
  Relative thickness: 1.000E+03
  --------------------------------------------
  Optical depths at 1.0E+01 microns
  ranging from 1.00E+00 to 1.00E+01
   10 models with linear grid                
  Required accuracy: 5%
  --------------------------------------------
  Images requested for these wavelengths (mic)
  0.55  4.0  50  1000
  --------------------------------------------
  
  ====================================================  
  For compliance with the point-source assumption, the
  following results should only be applied to sources 
  whose effective temperature exceeds 1000 K.
  ====================================================
          
  RESULTS:
  --------
 ###   tau0   F1(W/m2)  r1(cm)    r1/rc   theta1  Td(Y) err
 ###     1        2        3        4        5      6    7 
 ==========================================================
   1 1.00E+00 1.91E+02 4.00E+15 1.10E+03 2.99E+01   28   0 
   2 2.00E+00 9.93E+01 5.55E+15 1.53E+03 4.14E+01   25   0 
   3 3.00E+00 6.60E+01 6.81E+15 1.88E+03 5.08E+01   23   0 
   4 4.00E+00 4.90E+01 7.90E+15 2.18E+03 5.89E+01   22   1 
   5 5.00E+00 3.88E+01 8.87E+15 2.45E+03 6.62E+01   21   1 
   6 6.00E+00 3.19E+01 9.80E+15 2.70E+03 7.31E+01   21   1 
   7 7.00E+00 2.69E+01 1.07E+16 2.94E+03 7.95E+01   20   2 
   8 8.00E+00 2.31E+01 1.15E+16 3.17E+03 8.59E+01   20   2 
   9 9.00E+00 2.04E+01 1.22E+16 3.37E+03 9.12E+01   20   2 
  10 1.00E+01 1.85E+01 1.29E+16 3.54E+03 9.59E+01   19   2 
 ==========================================================
   (1) Optical depth at 1.0E+01 microns
   (2) Bolometric flux at the inner radius 
   (3) Inner radius for L=1E4 Lsun
   (4) Ratio of the inner to the stellar radius
   (5) Angular size (in arcsec) when Fbol=1E-6 W/m2
   (6) Dust temperature at the outer edge (in K)
   (7) Maximum error in flux conservation (%)
 =================================================
  Everything is OK for all models
  Table with spectral properties is in file *.spp
  All spectra are in file *.stb
  All imaging quantities are in file *.itb
  All radial profiles are in file *.rtb
  All run-time messages are in file *.mtb
 ========== THE END ==============================
