 ===========================
  Output from program Dusty 
  Version: 2.0
 ===========================
  
  INPUT parameters from file:
  600K.inp                                                              
  
* ----------------------------------------------------------------------
* NOTES:
* This is a complicated version of an input file, though without any user
* supplied files.
* ----------------------------------------------------------------------
  Central source spectrum described by a black body                       
  with temperature: 8000 K
  --------------------------------------------
  Abundances for supported grains:
  Sil-Ow Sil-Oc Sil-DL grf-DL amC-Hn SiC-Pg
  0.000  0.000  0.000  0.000  0.000  0.000
  Optical properties from file:
  wd01.dat                                                              
  --------------------------------------------
  Dust temperature on the inner boundary: 600  K
  --------------------------------------------
  Density described by 1/r**k with k =  2.0
  Relative thickness: 1.000E+03
  --------------------------------------------
  Optical depths at 1.0E+01 microns
  ranging from 1.00E+00 to 1.00E+01
   10 models with linear grid                
  Required accuracy: 5%
  --------------------------------------------
  Images requested for these wavelengths (mic)
  0.55  4.0  50  1000
  --------------------------------------------
  
  ====================================================  
  For compliance with the point-source assumption, the
  following results should only be applied to sources 
  whose effective temperature exceeds 1200 K.
  ====================================================
          
  RESULTS:
  --------
 ###   tau0   F1(W/m2)  r1(cm)    r1/rc   theta1  Td(Y) err
 ###     1        2        3        4        5      6    7 
 ==========================================================
   1 1.00E+00 4.12E+02 2.72E+15 7.51E+02 2.03E+01   32   0 
   2 2.00E+00 2.14E+02 3.78E+15 1.04E+03 2.82E+01   28   0 
   3 3.00E+00 1.42E+02 4.64E+15 1.28E+03 3.46E+01   26   0 
   4 4.00E+00 1.06E+02 5.38E+15 1.48E+03 4.01E+01   25   1 
   5 5.00E+00 8.38E+01 6.04E+15 1.67E+03 4.51E+01   24   1 
   6 6.00E+00 6.87E+01 6.67E+15 1.84E+03 4.98E+01   24   1 
   7 7.00E+00 5.80E+01 7.26E+15 2.00E+03 5.42E+01   23   2 
   8 8.00E+00 4.98E+01 7.84E+15 2.16E+03 5.85E+01   23   2 
   9 9.00E+00 4.41E+01 8.33E+15 2.30E+03 6.21E+01   22   2 
  10 1.00E+01 3.99E+01 8.75E+15 2.41E+03 6.53E+01   22   2 
 ==========================================================
   (1) Optical depth at 1.0E+01 microns
   (2) Bolometric flux at the inner radius 
   (3) Inner radius for L=1E4 Lsun
   (4) Ratio of the inner to the stellar radius
   (5) Angular size (in arcsec) when Fbol=1E-6 W/m2
   (6) Dust temperature at the outer edge (in K)
   (7) Maximum error in flux conservation (%)
 =================================================
  Everything is OK for all models
  Table with spectral properties is in file *.spp
  All spectra are in file *.stb
  All imaging quantities are in file *.itb
  All radial profiles are in file *.rtb
  All run-time messages are in file *.mtb
 ========== THE END ==============================
