 ===========================
  Output from program Dusty 
  Version: 2.0
 ===========================
  
  INPUT parameters from file:
  700K.inp                                                              
  
* ----------------------------------------------------------------------
* NOTES:
* This is a complicated version of an input file, though without any user
* supplied files.
* ----------------------------------------------------------------------
  Central source spectrum described by a black body                       
  with temperature: 8000 K
  --------------------------------------------
  Abundances for supported grains:
  Sil-Ow Sil-Oc Sil-DL grf-DL amC-Hn SiC-Pg
  0.000  0.000  0.000  0.000  0.000  0.000
  Optical properties from file:
  wd01.dat                                                              
  --------------------------------------------
  Dust temperature on the inner boundary: 700  K
  --------------------------------------------
  Density described by 1/r**k with k =  2.0
  Relative thickness: 1.000E+03
  --------------------------------------------
  Optical depths at 1.0E+01 microns
  ranging from 1.00E+00 to 1.00E+01
   10 models with linear grid                
  Required accuracy: 5%
  --------------------------------------------
  Images requested for these wavelengths (mic)
  0.55  4.0  50  1000
  --------------------------------------------
  
  ====================================================  
  For compliance with the point-source assumption, the
  following results should only be applied to sources 
  whose effective temperature exceeds 1400 K.
  ====================================================
          
  RESULTS:
  --------
 ###   tau0   F1(W/m2)  r1(cm)    r1/rc   theta1  Td(Y) err
 ###     1        2        3        4        5      6    7 
 ==========================================================
   1 1.00E+00 8.02E+02 1.95E+15 5.38E+02 1.46E+01   35   0 
   2 2.00E+00 4.17E+02 2.71E+15 7.47E+02 2.02E+01   32   0 
   3 3.00E+00 2.77E+02 3.32E+15 9.16E+02 2.48E+01   29   0 
   4 4.00E+00 2.06E+02 3.86E+15 1.06E+03 2.88E+01   28   1 
   5 5.00E+00 1.63E+02 4.33E+15 1.19E+03 3.23E+01   27   1 
   6 6.00E+00 1.34E+02 4.78E+15 1.32E+03 3.57E+01   26   1 
   7 7.00E+00 1.13E+02 5.20E+15 1.43E+03 3.88E+01   26   2 
   8 8.00E+00 9.70E+01 5.62E+15 1.55E+03 4.19E+01   25   2 
   9 9.00E+00 8.59E+01 5.97E+15 1.65E+03 4.45E+01   25   2 
  10 1.00E+01 7.77E+01 6.27E+15 1.73E+03 4.68E+01   24   2 
 ==========================================================
   (1) Optical depth at 1.0E+01 microns
   (2) Bolometric flux at the inner radius 
   (3) Inner radius for L=1E4 Lsun
   (4) Ratio of the inner to the stellar radius
   (5) Angular size (in arcsec) when Fbol=1E-6 W/m2
   (6) Dust temperature at the outer edge (in K)
   (7) Maximum error in flux conservation (%)
 =================================================
  Everything is OK for all models
  Table with spectral properties is in file *.spp
  All spectra are in file *.stb
  All imaging quantities are in file *.itb
  All radial profiles are in file *.rtb
  All run-time messages are in file *.mtb
 ========== THE END ==============================
