 ===========================
  Output from program Dusty 
  Version: 2.0
 ===========================
  
  INPUT parameters from file:
  800K.inp                                                              
  
* ----------------------------------------------------------------------
* NOTES:
* This is a complicated version of an input file, though without any user
* supplied files.
* ----------------------------------------------------------------------
  Central source spectrum described by a black body                       
  with temperature: 8000 K
  --------------------------------------------
  Abundances for supported grains:
  Sil-Ow Sil-Oc Sil-DL grf-DL amC-Hn SiC-Pg
  0.000  0.000  0.000  0.000  0.000  0.000
  Optical properties from file:
  wd01.dat                                                              
  --------------------------------------------
  Dust temperature on the inner boundary: 800  K
  --------------------------------------------
  Density described by 1/r**k with k =  2.0
  Relative thickness: 1.000E+03
  --------------------------------------------
  Optical depths at 1.0E+01 microns
  ranging from 1.00E+00 to 1.00E+01
   10 models with linear grid                
  Required accuracy: 5%
  --------------------------------------------
  Images requested for these wavelengths (mic)
  0.55  4.0  50  1000
  --------------------------------------------
  
  ====================================================  
  For compliance with the point-source assumption, the
  following results should only be applied to sources 
  whose effective temperature exceeds 1600 K.
  ====================================================
          
  RESULTS:
  --------
 ###   tau0   F1(W/m2)  r1(cm)    r1/rc   theta1  Td(Y) err
 ###     1        2        3        4        5      6    7 
 ==========================================================
   1 1.00E+00 1.45E+03 1.45E+15 4.00E+02 1.08E+01   39   0 
   2 2.00E+00 7.56E+02 2.01E+15 5.54E+02 1.50E+01   35   0 
   3 3.00E+00 5.02E+02 2.47E+15 6.80E+02 1.84E+01   33   0 
   4 4.00E+00 3.73E+02 2.86E+15 7.89E+02 2.14E+01   31   1 
   5 5.00E+00 2.96E+02 3.22E+15 8.86E+02 2.40E+01   30   1 
   6 6.00E+00 2.43E+02 3.55E+15 9.79E+02 2.65E+01   29   1 
   7 7.00E+00 2.05E+02 3.86E+15 1.07E+03 2.88E+01   28   2 
   8 8.00E+00 1.76E+02 4.17E+15 1.15E+03 3.11E+01   28   2 
   9 9.00E+00 1.56E+02 4.43E+15 1.22E+03 3.31E+01   27   2 
  10 1.00E+01 1.41E+02 4.66E+15 1.28E+03 3.47E+01   27   2 
 ==========================================================
   (1) Optical depth at 1.0E+01 microns
   (2) Bolometric flux at the inner radius 
   (3) Inner radius for L=1E4 Lsun
   (4) Ratio of the inner to the stellar radius
   (5) Angular size (in arcsec) when Fbol=1E-6 W/m2
   (6) Dust temperature at the outer edge (in K)
   (7) Maximum error in flux conservation (%)
 =================================================
  Everything is OK for all models
  Table with spectral properties is in file *.spp
  All spectra are in file *.stb
  All imaging quantities are in file *.itb
  All radial profiles are in file *.rtb
  All run-time messages are in file *.mtb
 ========== THE END ==============================
