 ===========================
  Output from program Dusty 
  Version: 2.0
 ===========================
  
  INPUT parameters from file:
  sphere8.inp                                                           
  
* ----------------------------------------------------------------------
* NOTES:
* This is a complicated version of an input file, though without any user
* supplied files.
* ----------------------------------------------------------------------
  Central source spectrum described by a black body                       
  with temperature: 10000 K
  --------------------------------------------
  Abundances for supported grains:
  Sil-Ow Sil-Oc Sil-DL grf-DL amC-Hn SiC-Pg
  0.500  0.000  0.000  0.250  0.000  0.250
  MRN size distribution:
       Power q:  3.5
  Minimal size: 1.00E-02 microns
  Maximal size: 5.00E-01 microns
  --------------------------------------------
  Dust temperature on the inner boundary: 1000 K
  --------------------------------------------
  Density described by a broken power law:
   power   Ytransition
   -------------------
               1.0
    2.0
           1.000E+01
    1.0
           1.000E+02
    0.0
           1.000E+03
  --------------------------------------------
  Optical depths at 1.0E+01 microns
  ranging from 1.00E+00 to 1.00E+02
    5 models with logarithmic grid           
  Required accuracy: 5%
  --------------------------------------------
  Images requested for these wavelengths (mic)
  0.55  4.0  50  1000
  --------------------------------------------
  
  ====================================================  
  For compliance with the point-source assumption, the
  following results should only be applied to sources 
  whose effective temperature exceeds 2000 K.
  ====================================================
          
  RESULTS:
  --------
 ###   tau0   F1(W/m2)  r1(cm)    r1/rc   theta1  Td(Y) err
 ###     1        2        3        4        5      6    7 
 ==========================================================
   1 1.00E+00 7.86E+03 6.24E+14 2.69E+02 4.65E+00   29   1 
   2 3.16E+00 7.17E+03 6.53E+14 2.81E+02 4.87E+00   26   1 
   3 1.00E+01 6.57E+03 6.82E+14 2.94E+02 5.09E+00   22   1 
   4 3.16E+01 5.72E+03 7.31E+14 3.15E+02 5.46E+00   19   1 
   5 1.00E+02 3.95E+03 8.79E+14 3.79E+02 6.56E+00   16   3 
 ==========================================================
   (1) Optical depth at 1.0E+01 microns
   (2) Bolometric flux at the inner radius 
   (3) Inner radius for L=1E4 Lsun
   (4) Ratio of the inner to the stellar radius
   (5) Angular size (in arcsec) when Fbol=1E-6 W/m2
   (6) Dust temperature at the outer edge (in K)
   (7) Maximum error in flux conservation (%)
 =================================================
  Everything is OK for all models
  Table with spectral properties is in file *.spp
  All spectra are in file *.stb
  All imaging quantities are in file *.itb
  All radial profiles are in file *.rtb
  All run-time messages are in file *.mtb
 ========== THE END ==============================
